

 === NEW SESSION at [2024-06-08 22:48:19]  === 

[2024-06-08 22:48:24] Info: Successfully parsed config.json (unknown:0, unknown)
[2024-06-08 22:48:24] Info: Successfully connected to server (unknown:0, unknown)
[2024-06-08 22:48:24] Info: Successfully init DataReciever (unknown:0, unknown)
[2024-06-08 22:48:24] Info: Recieved response (unknown:0, unknown)
[2024-06-08 22:48:24] Debug: Recieved response with len "9126" First 10: "[{\"buy\":{\"" (unknown:0, unknown)
[2024-06-08 22:48:29] Debug: Sending request:  "need update" (unknown:0, unknown)
[2024-06-08 22:48:29] Info: Recieved response (unknown:0, unknown)
[2024-06-08 22:48:29] Debug: Recieved response with len "10" First 10: "no updates" (unknown:0, unknown)
[2024-06-08 22:48:29] Warning: Error while parsing json: [json.exception.parse_error.101] parse error at line 1, column 2: syntax error while parsing value - invalid literal; last read: 'no' (unknown:0, unknown)
[2024-06-08 22:48:34] Debug: Sending request:  "need update" (unknown:0, unknown)
[2024-06-08 22:48:34] Info: Recieved response (unknown:0, unknown)
[2024-06-08 22:48:34] Debug: Recieved response with len "10" First 10: "no updates" (unknown:0, unknown)
[2024-06-08 22:48:34] Warning: Error while parsing json: [json.exception.parse_error.101] parse error at line 1, column 2: syntax error while parsing value - invalid literal; last read: 'no' (unknown:0, unknown)
[2024-06-08 22:48:39] Debug: Sending request:  "need update" (unknown:0, unknown)
[2024-06-08 22:48:39] Info: Recieved response (unknown:0, unknown)
[2024-06-08 22:48:39] Debug: Recieved response with len "10" First 10: "no updates" (unknown:0, unknown)
[2024-06-08 22:48:39] Warning: Error while parsing json: [json.exception.parse_error.101] parse error at line 1, column 2: syntax error while parsing value - invalid literal; last read: 'no' (unknown:0, unknown)
[2024-06-08 22:48:44] Debug: Sending request:  "need update" (unknown:0, unknown)
[2024-06-08 22:48:44] Info: Recieved response (unknown:0, unknown)
[2024-06-08 22:48:44] Debug: Recieved response with len "9125" First 10: "[{\"buy\":{\"" (unknown:0, unknown)
[2024-06-08 22:48:49] Debug: Sending request:  "need update" (unknown:0, unknown)
[2024-06-08 22:48:49] Info: Recieved response (unknown:0, unknown)
[2024-06-08 22:48:49] Debug: Recieved response with len "10" First 10: "no updates" (unknown:0, unknown)
[2024-06-08 22:48:49] Warning: Error while parsing json: [json.exception.parse_error.101] parse error at line 1, column 2: syntax error while parsing value - invalid literal; last read: 'no' (unknown:0, unknown)
[2024-06-08 22:48:54] Debug: Sending request:  "need update" (unknown:0, unknown)
[2024-06-08 22:48:54] Info: Recieved response (unknown:0, unknown)
[2024-06-08 22:48:54] Debug: Recieved response with len "10" First 10: "no updates" (unknown:0, unknown)
[2024-06-08 22:48:54] Warning: Error while parsing json: [json.exception.parse_error.101] parse error at line 1, column 2: syntax error while parsing value - invalid literal; last read: 'no' (unknown:0, unknown)
[2024-06-08 22:48:59] Debug: Sending request:  "need update" (unknown:0, unknown)
[2024-06-08 22:48:59] Info: Recieved response (unknown:0, unknown)
[2024-06-08 22:48:59] Debug: Recieved response with len "10" First 10: "no updates" (unknown:0, unknown)
[2024-06-08 22:48:59] Warning: Error while parsing json: [json.exception.parse_error.101] parse error at line 1, column 2: syntax error while parsing value - invalid literal; last read: 'no' (unknown:0, unknown)
[2024-06-08 22:49:04] Debug: Sending request:  "need update" (unknown:0, unknown)
[2024-06-08 22:49:04] Info: Recieved response (unknown:0, unknown)
[2024-06-08 22:49:04] Debug: Recieved response with len "10" First 10: "no updates" (unknown:0, unknown)
[2024-06-08 22:49:04] Warning: Error while parsing json: [json.exception.parse_error.101] parse error at line 1, column 2: syntax error while parsing value - invalid literal; last read: 'no' (unknown:0, unknown)
[2024-06-08 22:49:09] Debug: Sending request:  "need update" (unknown:0, unknown)
[2024-06-08 22:49:09] Info: Recieved response (unknown:0, unknown)
[2024-06-08 22:49:09] Debug: Recieved response with len "9127" First 10: "[{\"buy\":{\"" (unknown:0, unknown)
[2024-06-08 22:49:14] Debug: Sending request:  "need update" (unknown:0, unknown)
[2024-06-08 22:49:14] Info: Recieved response (unknown:0, unknown)
[2024-06-08 22:49:14] Debug: Recieved response with len "10" First 10: "no updates" (unknown:0, unknown)
[2024-06-08 22:49:14] Warning: Error while parsing json: [json.exception.parse_error.101] parse error at line 1, column 2: syntax error while parsing value - invalid literal; last read: 'no' (unknown:0, unknown)
[2024-06-08 22:49:19] Debug: Sending request:  "need update" (unknown:0, unknown)
[2024-06-08 22:49:19] Info: Recieved response (unknown:0, unknown)
[2024-06-08 22:49:19] Debug: Recieved response with len "10" First 10: "no updates" (unknown:0, unknown)
[2024-06-08 22:49:19] Warning: Error while parsing json: [json.exception.parse_error.101] parse error at line 1, column 2: syntax error while parsing value - invalid literal; last read: 'no' (unknown:0, unknown)
[2024-06-08 22:49:24] Debug: Sending request:  "need update" (unknown:0, unknown)
[2024-06-08 22:49:24] Info: Recieved response (unknown:0, unknown)
[2024-06-08 22:49:24] Debug: Recieved response with len "10" First 10: "no updates" (unknown:0, unknown)
[2024-06-08 22:49:24] Warning: Error while parsing json: [json.exception.parse_error.101] parse error at line 1, column 2: syntax error while parsing value - invalid literal; last read: 'no' (unknown:0, unknown)
[2024-06-08 22:49:29] Debug: Sending request:  "need update" (unknown:0, unknown)
[2024-06-08 22:49:29] Info: Recieved response (unknown:0, unknown)
[2024-06-08 22:49:29] Debug: Recieved response with len "10" First 10: "no updates" (unknown:0, unknown)
[2024-06-08 22:49:29] Warning: Error while parsing json: [json.exception.parse_error.101] parse error at line 1, column 2: syntax error while parsing value - invalid literal; last read: 'no' (unknown:0, unknown)
[2024-06-08 22:49:34] Debug: Sending request:  "need update" (unknown:0, unknown)
[2024-06-08 22:49:34] Info: Recieved response (unknown:0, unknown)
[2024-06-08 22:49:34] Debug: Recieved response with len "10" First 10: "no updates" (unknown:0, unknown)
[2024-06-08 22:49:34] Warning: Error while parsing json: [json.exception.parse_error.101] parse error at line 1, column 2: syntax error while parsing value - invalid literal; last read: 'no' (unknown:0, unknown)
[2024-06-08 22:49:39] Debug: Sending request:  "need update" (unknown:0, unknown)
[2024-06-08 22:49:39] Info: Recieved response (unknown:0, unknown)
[2024-06-08 22:49:39] Debug: Recieved response with len "9124" First 10: "[{\"buy\":{\"" (unknown:0, unknown)
[2024-06-08 22:49:44] Debug: Sending request:  "need update" (unknown:0, unknown)
[2024-06-08 22:49:44] Info: Recieved response (unknown:0, unknown)
[2024-06-08 22:49:44] Debug: Recieved response with len "10" First 10: "no updates" (unknown:0, unknown)
[2024-06-08 22:49:44] Warning: Error while parsing json: [json.exception.parse_error.101] parse error at line 1, column 2: syntax error while parsing value - invalid literal; last read: 'no' (unknown:0, unknown)
[2024-06-08 22:49:49] Debug: Sending request:  "need update" (unknown:0, unknown)
[2024-06-08 22:49:49] Info: Recieved response (unknown:0, unknown)
[2024-06-08 22:49:49] Debug: Recieved response with len "10" First 10: "no updates" (unknown:0, unknown)
[2024-06-08 22:49:49] Warning: Error while parsing json: [json.exception.parse_error.101] parse error at line 1, column 2: syntax error while parsing value - invalid literal; last read: 'no' (unknown:0, unknown)
[2024-06-08 22:49:54] Debug: Sending request:  "need update" (unknown:0, unknown)
[2024-06-08 22:49:54] Info: Recieved response (unknown:0, unknown)
[2024-06-08 22:49:54] Debug: Recieved response with len "10" First 10: "no updates" (unknown:0, unknown)
[2024-06-08 22:49:54] Warning: Error while parsing json: [json.exception.parse_error.101] parse error at line 1, column 2: syntax error while parsing value - invalid literal; last read: 'no' (unknown:0, unknown)
[2024-06-08 22:49:59] Debug: Sending request:  "need update" (unknown:0, unknown)
[2024-06-08 22:49:59] Info: Recieved response (unknown:0, unknown)
[2024-06-08 22:49:59] Debug: Recieved response with len "10" First 10: "no updates" (unknown:0, unknown)
[2024-06-08 22:49:59] Warning: Error while parsing json: [json.exception.parse_error.101] parse error at line 1, column 2: syntax error while parsing value - invalid literal; last read: 'no' (unknown:0, unknown)
[2024-06-08 22:50:04] Debug: Sending request:  "need update" (unknown:0, unknown)
[2024-06-08 22:50:04] Info: Recieved response (unknown:0, unknown)
[2024-06-08 22:50:04] Debug: Recieved response with len "10" First 10: "no updates" (unknown:0, unknown)
[2024-06-08 22:50:04] Warning: Error while parsing json: [json.exception.parse_error.101] parse error at line 1, column 2: syntax error while parsing value - invalid literal; last read: 'no' (unknown:0, unknown)
[2024-06-08 22:50:09] Debug: Sending request:  "need update" (unknown:0, unknown)
[2024-06-08 22:50:09] Info: Recieved response (unknown:0, unknown)
[2024-06-08 22:50:09] Debug: Recieved response with len "9121" First 10: "[{\"buy\":{\"" (unknown:0, unknown)
[2024-06-08 22:50:14] Debug: Sending request:  "need update" (unknown:0, unknown)
[2024-06-08 22:50:14] Info: Recieved response (unknown:0, unknown)
[2024-06-08 22:50:14] Debug: Recieved response with len "10" First 10: "no updates" (unknown:0, unknown)
[2024-06-08 22:50:14] Warning: Error while parsing json: [json.exception.parse_error.101] parse error at line 1, column 2: syntax error while parsing value - invalid literal; last read: 'no' (unknown:0, unknown)
[2024-06-08 22:50:19] Debug: Sending request:  "need update" (unknown:0, unknown)
[2024-06-08 22:50:19] Info: Recieved response (unknown:0, unknown)
[2024-06-08 22:50:19] Debug: Recieved response with len "10" First 10: "no updates" (unknown:0, unknown)
[2024-06-08 22:50:19] Warning: Error while parsing json: [json.exception.parse_error.101] parse error at line 1, column 2: syntax error while parsing value - invalid literal; last read: 'no' (unknown:0, unknown)
[2024-06-08 22:50:24] Debug: Sending request:  "need update" (unknown:0, unknown)
[2024-06-08 22:50:24] Info: Recieved response (unknown:0, unknown)
[2024-06-08 22:50:24] Debug: Recieved response with len "10" First 10: "no updates" (unknown:0, unknown)
[2024-06-08 22:50:24] Warning: Error while parsing json: [json.exception.parse_error.101] parse error at line 1, column 2: syntax error while parsing value - invalid literal; last read: 'no' (unknown:0, unknown)
[2024-06-08 22:50:29] Debug: Sending request:  "need update" (unknown:0, unknown)
[2024-06-08 22:50:29] Info: Recieved response (unknown:0, unknown)
[2024-06-08 22:50:29] Debug: Recieved response with len "10" First 10: "no updates" (unknown:0, unknown)
[2024-06-08 22:50:29] Warning: Error while parsing json: [json.exception.parse_error.101] parse error at line 1, column 2: syntax error while parsing value - invalid literal; last read: 'no' (unknown:0, unknown)
[2024-06-08 22:50:34] Debug: Sending request:  "need update" (unknown:0, unknown)
[2024-06-08 22:50:34] Info: Recieved response (unknown:0, unknown)
[2024-06-08 22:50:34] Debug: Recieved response with len "10" First 10: "no updates" (unknown:0, unknown)
[2024-06-08 22:50:34] Warning: Error while parsing json: [json.exception.parse_error.101] parse error at line 1, column 2: syntax error while parsing value - invalid literal; last read: 'no' (unknown:0, unknown)
[2024-06-08 22:50:39] Debug: Sending request:  "need update" (unknown:0, unknown)
[2024-06-08 22:50:39] Info: Recieved response (unknown:0, unknown)
[2024-06-08 22:50:39] Debug: Recieved response with len "9118" First 10: "[{\"buy\":{\"" (unknown:0, unknown)
[2024-06-08 22:50:44] Debug: Sending request:  "need update" (unknown:0, unknown)
[2024-06-08 22:50:44] Info: Recieved response (unknown:0, unknown)
[2024-06-08 22:50:44] Debug: Recieved response with len "10" First 10: "no updates" (unknown:0, unknown)
[2024-06-08 22:50:44] Warning: Error while parsing json: [json.exception.parse_error.101] parse error at line 1, column 2: syntax error while parsing value - invalid literal; last read: 'no' (unknown:0, unknown)
[2024-06-08 22:50:49] Debug: Sending request:  "need update" (unknown:0, unknown)
[2024-06-08 22:50:49] Info: Recieved response (unknown:0, unknown)
[2024-06-08 22:50:49] Debug: Recieved response with len "10" First 10: "no updates" (unknown:0, unknown)
[2024-06-08 22:50:49] Warning: Error while parsing json: [json.exception.parse_error.101] parse error at line 1, column 2: syntax error while parsing value - invalid literal; last read: 'no' (unknown:0, unknown)
[2024-06-08 22:50:54] Debug: Sending request:  "need update" (unknown:0, unknown)
[2024-06-08 22:50:54] Info: Recieved response (unknown:0, unknown)
[2024-06-08 22:50:54] Debug: Recieved response with len "10" First 10: "no updates" (unknown:0, unknown)
[2024-06-08 22:50:54] Warning: Error while parsing json: [json.exception.parse_error.101] parse error at line 1, column 2: syntax error while parsing value - invalid literal; last read: 'no' (unknown:0, unknown)
[2024-06-08 22:50:59] Debug: Sending request:  "need update" (unknown:0, unknown)
[2024-06-08 22:50:59] Info: Recieved response (unknown:0, unknown)
[2024-06-08 22:50:59] Debug: Recieved response with len "10" First 10: "no updates" (unknown:0, unknown)
[2024-06-08 22:50:59] Warning: Error while parsing json: [json.exception.parse_error.101] parse error at line 1, column 2: syntax error while parsing value - invalid literal; last read: 'no' (unknown:0, unknown)
[2024-06-08 22:51:04] Debug: Sending request:  "need update" (unknown:0, unknown)
[2024-06-08 22:51:04] Info: Recieved response (unknown:0, unknown)
[2024-06-08 22:51:04] Debug: Recieved response with len "9116" First 10: "[{\"buy\":{\"" (unknown:0, unknown)
[2024-06-08 22:51:09] Debug: Sending request:  "need update" (unknown:0, unknown)
[2024-06-08 22:51:09] Info: Recieved response (unknown:0, unknown)
[2024-06-08 22:51:09] Debug: Recieved response with len "10" First 10: "no updates" (unknown:0, unknown)
[2024-06-08 22:51:09] Warning: Error while parsing json: [json.exception.parse_error.101] parse error at line 1, column 2: syntax error while parsing value - invalid literal; last read: 'no' (unknown:0, unknown)
[2024-06-08 22:51:14] Debug: Sending request:  "need update" (unknown:0, unknown)
[2024-06-08 22:51:14] Info: Recieved response (unknown:0, unknown)
[2024-06-08 22:51:14] Debug: Recieved response with len "10" First 10: "no updates" (unknown:0, unknown)
[2024-06-08 22:51:14] Warning: Error while parsing json: [json.exception.parse_error.101] parse error at line 1, column 2: syntax error while parsing value - invalid literal; last read: 'no' (unknown:0, unknown)
[2024-06-08 22:51:19] Debug: Sending request:  "need update" (unknown:0, unknown)
[2024-06-08 22:51:19] Info: Recieved response (unknown:0, unknown)
[2024-06-08 22:51:19] Debug: Recieved response with len "10" First 10: "no updates" (unknown:0, unknown)
[2024-06-08 22:51:19] Warning: Error while parsing json: [json.exception.parse_error.101] parse error at line 1, column 2: syntax error while parsing value - invalid literal; last read: 'no' (unknown:0, unknown)
[2024-06-08 22:51:24] Debug: Sending request:  "need update" (unknown:0, unknown)
[2024-06-08 22:51:24] Info: Recieved response (unknown:0, unknown)
[2024-06-08 22:51:24] Debug: Recieved response with len "10" First 10: "no updates" (unknown:0, unknown)
[2024-06-08 22:51:24] Warning: Error while parsing json: [json.exception.parse_error.101] parse error at line 1, column 2: syntax error while parsing value - invalid literal; last read: 'no' (unknown:0, unknown)
[2024-06-08 22:51:29] Debug: Sending request:  "need update" (unknown:0, unknown)
[2024-06-08 22:51:29] Info: Recieved response (unknown:0, unknown)
[2024-06-08 22:51:29] Debug: Recieved response with len "10" First 10: "no updates" (unknown:0, unknown)
[2024-06-08 22:51:29] Warning: Error while parsing json: [json.exception.parse_error.101] parse error at line 1, column 2: syntax error while parsing value - invalid literal; last read: 'no' (unknown:0, unknown)
[2024-06-08 22:51:34] Debug: Sending request:  "need update" (unknown:0, unknown)
[2024-06-08 22:51:34] Info: Recieved response (unknown:0, unknown)
[2024-06-08 22:51:34] Debug: Recieved response with len "9120" First 10: "[{\"buy\":{\"" (unknown:0, unknown)
[2024-06-08 22:51:39] Debug: Sending request:  "need update" (unknown:0, unknown)
[2024-06-08 22:51:39] Info: Recieved response (unknown:0, unknown)
[2024-06-08 22:51:39] Debug: Recieved response with len "10" First 10: "no updates" (unknown:0, unknown)
[2024-06-08 22:51:39] Warning: Error while parsing json: [json.exception.parse_error.101] parse error at line 1, column 2: syntax error while parsing value - invalid literal; last read: 'no' (unknown:0, unknown)
[2024-06-08 22:51:44] Debug: Sending request:  "need update" (unknown:0, unknown)
[2024-06-08 22:51:44] Info: Recieved response (unknown:0, unknown)
[2024-06-08 22:51:44] Debug: Recieved response with len "10" First 10: "no updates" (unknown:0, unknown)
[2024-06-08 22:51:44] Warning: Error while parsing json: [json.exception.parse_error.101] parse error at line 1, column 2: syntax error while parsing value - invalid literal; last read: 'no' (unknown:0, unknown)
[2024-06-08 22:51:49] Debug: Sending request:  "need update" (unknown:0, unknown)
[2024-06-08 22:51:49] Info: Recieved response (unknown:0, unknown)
[2024-06-08 22:51:49] Debug: Recieved response with len "10" First 10: "no updates" (unknown:0, unknown)
[2024-06-08 22:51:49] Warning: Error while parsing json: [json.exception.parse_error.101] parse error at line 1, column 2: syntax error while parsing value - invalid literal; last read: 'no' (unknown:0, unknown)
[2024-06-08 22:51:54] Debug: Sending request:  "need update" (unknown:0, unknown)
[2024-06-08 22:51:54] Info: Recieved response (unknown:0, unknown)
[2024-06-08 22:51:54] Debug: Recieved response with len "10" First 10: "no updates" (unknown:0, unknown)
[2024-06-08 22:51:54] Warning: Error while parsing json: [json.exception.parse_error.101] parse error at line 1, column 2: syntax error while parsing value - invalid literal; last read: 'no' (unknown:0, unknown)
[2024-06-08 22:51:59] Debug: Sending request:  "need update" (unknown:0, unknown)
[2024-06-08 22:51:59] Info: Recieved response (unknown:0, unknown)
[2024-06-08 22:51:59] Debug: Recieved response with len "9121" First 10: "[{\"buy\":{\"" (unknown:0, unknown)
[2024-06-08 22:52:04] Debug: Sending request:  "need update" (unknown:0, unknown)
[2024-06-08 22:52:04] Info: Recieved response (unknown:0, unknown)
[2024-06-08 22:52:04] Debug: Recieved response with len "10" First 10: "no updates" (unknown:0, unknown)
[2024-06-08 22:52:04] Warning: Error while parsing json: [json.exception.parse_error.101] parse error at line 1, column 2: syntax error while parsing value - invalid literal; last read: 'no' (unknown:0, unknown)
[2024-06-08 22:52:09] Debug: Sending request:  "need update" (unknown:0, unknown)
[2024-06-08 22:52:09] Info: Recieved response (unknown:0, unknown)
[2024-06-08 22:52:09] Debug: Recieved response with len "10" First 10: "no updates" (unknown:0, unknown)
[2024-06-08 22:52:09] Warning: Error while parsing json: [json.exception.parse_error.101] parse error at line 1, column 2: syntax error while parsing value - invalid literal; last read: 'no' (unknown:0, unknown)
[2024-06-08 22:52:14] Debug: Sending request:  "need update" (unknown:0, unknown)
[2024-06-08 22:52:14] Info: Recieved response (unknown:0, unknown)
[2024-06-08 22:52:14] Debug: Recieved response with len "10" First 10: "no updates" (unknown:0, unknown)
[2024-06-08 22:52:14] Warning: Error while parsing json: [json.exception.parse_error.101] parse error at line 1, column 2: syntax error while parsing value - invalid literal; last read: 'no' (unknown:0, unknown)
[2024-06-08 22:52:19] Debug: Sending request:  "need update" (unknown:0, unknown)
[2024-06-08 22:52:19] Info: Recieved response (unknown:0, unknown)
[2024-06-08 22:52:19] Debug: Recieved response with len "10" First 10: "no updates" (unknown:0, unknown)
[2024-06-08 22:52:19] Warning: Error while parsing json: [json.exception.parse_error.101] parse error at line 1, column 2: syntax error while parsing value - invalid literal; last read: 'no' (unknown:0, unknown)
[2024-06-08 22:52:24] Debug: Sending request:  "need update" (unknown:0, unknown)
[2024-06-08 22:52:24] Info: Recieved response (unknown:0, unknown)
[2024-06-08 22:52:24] Debug: Recieved response with len "10" First 10: "no updates" (unknown:0, unknown)
[2024-06-08 22:52:24] Warning: Error while parsing json: [json.exception.parse_error.101] parse error at line 1, column 2: syntax error while parsing value - invalid literal; last read: 'no' (unknown:0, unknown)
[2024-06-08 22:52:29] Debug: Sending request:  "need update" (unknown:0, unknown)
[2024-06-08 22:52:29] Info: Recieved response (unknown:0, unknown)
[2024-06-08 22:52:29] Debug: Recieved response with len "9114" First 10: "[{\"buy\":{\"" (unknown:0, unknown)
[2024-06-08 22:52:34] Debug: Sending request:  "need update" (unknown:0, unknown)
[2024-06-08 22:52:34] Info: Recieved response (unknown:0, unknown)
[2024-06-08 22:52:34] Debug: Recieved response with len "10" First 10: "no updates" (unknown:0, unknown)
[2024-06-08 22:52:34] Warning: Error while parsing json: [json.exception.parse_error.101] parse error at line 1, column 2: syntax error while parsing value - invalid literal; last read: 'no' (unknown:0, unknown)
[2024-06-08 22:52:39] Debug: Sending request:  "need update" (unknown:0, unknown)
[2024-06-08 22:52:39] Info: Recieved response (unknown:0, unknown)
[2024-06-08 22:52:39] Debug: Recieved response with len "10" First 10: "no updates" (unknown:0, unknown)
[2024-06-08 22:52:39] Warning: Error while parsing json: [json.exception.parse_error.101] parse error at line 1, column 2: syntax error while parsing value - invalid literal; last read: 'no' (unknown:0, unknown)
[2024-06-08 22:52:44] Debug: Sending request:  "need update" (unknown:0, unknown)
[2024-06-08 22:52:44] Info: Recieved response (unknown:0, unknown)
[2024-06-08 22:52:44] Debug: Recieved response with len "10" First 10: "no updates" (unknown:0, unknown)
[2024-06-08 22:52:44] Warning: Error while parsing json: [json.exception.parse_error.101] parse error at line 1, column 2: syntax error while parsing value - invalid literal; last read: 'no' (unknown:0, unknown)
[2024-06-08 22:52:49] Debug: Sending request:  "need update" (unknown:0, unknown)
[2024-06-08 22:52:49] Info: Recieved response (unknown:0, unknown)
[2024-06-08 22:52:49] Debug: Recieved response with len "10" First 10: "no updates" (unknown:0, unknown)
[2024-06-08 22:52:49] Warning: Error while parsing json: [json.exception.parse_error.101] parse error at line 1, column 2: syntax error while parsing value - invalid literal; last read: 'no' (unknown:0, unknown)
[2024-06-08 22:52:54] Debug: Sending request:  "need update" (unknown:0, unknown)
[2024-06-08 22:52:54] Info: Recieved response (unknown:0, unknown)
[2024-06-08 22:52:54] Debug: Recieved response with len "10" First 10: "no updates" (unknown:0, unknown)
[2024-06-08 22:52:54] Warning: Error while parsing json: [json.exception.parse_error.101] parse error at line 1, column 2: syntax error while parsing value - invalid literal; last read: 'no' (unknown:0, unknown)
[2024-06-08 22:52:59] Debug: Sending request:  "need update" (unknown:0, unknown)
[2024-06-08 22:52:59] Info: Recieved response (unknown:0, unknown)
[2024-06-08 22:52:59] Debug: Recieved response with len "9117" First 10: "[{\"buy\":{\"" (unknown:0, unknown)
[2024-06-08 22:53:04] Debug: Sending request:  "need update" (unknown:0, unknown)
[2024-06-08 22:53:04] Info: Recieved response (unknown:0, unknown)
[2024-06-08 22:53:04] Debug: Recieved response with len "10" First 10: "no updates" (unknown:0, unknown)
[2024-06-08 22:53:04] Warning: Error while parsing json: [json.exception.parse_error.101] parse error at line 1, column 2: syntax error while parsing value - invalid literal; last read: 'no' (unknown:0, unknown)
[2024-06-08 22:53:09] Debug: Sending request:  "need update" (unknown:0, unknown)
[2024-06-08 22:53:09] Info: Recieved response (unknown:0, unknown)
[2024-06-08 22:53:09] Debug: Recieved response with len "10" First 10: "no updates" (unknown:0, unknown)
[2024-06-08 22:53:09] Warning: Error while parsing json: [json.exception.parse_error.101] parse error at line 1, column 2: syntax error while parsing value - invalid literal; last read: 'no' (unknown:0, unknown)
[2024-06-08 22:53:14] Debug: Sending request:  "need update" (unknown:0, unknown)
[2024-06-08 22:53:14] Info: Recieved response (unknown:0, unknown)
[2024-06-08 22:53:14] Debug: Recieved response with len "10" First 10: "no updates" (unknown:0, unknown)
[2024-06-08 22:53:14] Warning: Error while parsing json: [json.exception.parse_error.101] parse error at line 1, column 2: syntax error while parsing value - invalid literal; last read: 'no' (unknown:0, unknown)
[2024-06-08 22:53:19] Debug: Sending request:  "need update" (unknown:0, unknown)
[2024-06-08 22:53:19] Info: Recieved response (unknown:0, unknown)
[2024-06-08 22:53:19] Debug: Recieved response with len "10" First 10: "no updates" (unknown:0, unknown)
[2024-06-08 22:53:19] Warning: Error while parsing json: [json.exception.parse_error.101] parse error at line 1, column 2: syntax error while parsing value - invalid literal; last read: 'no' (unknown:0, unknown)
[2024-06-08 22:53:24] Debug: Sending request:  "need update" (unknown:0, unknown)
[2024-06-08 22:53:24] Info: Recieved response (unknown:0, unknown)
[2024-06-08 22:53:24] Debug: Recieved response with len "9116" First 10: "[{\"buy\":{\"" (unknown:0, unknown)
[2024-06-08 22:53:29] Debug: Sending request:  "need update" (unknown:0, unknown)
[2024-06-08 22:53:29] Info: Recieved response (unknown:0, unknown)
[2024-06-08 22:53:29] Debug: Recieved response with len "10" First 10: "no updates" (unknown:0, unknown)
[2024-06-08 22:53:29] Warning: Error while parsing json: [json.exception.parse_error.101] parse error at line 1, column 2: syntax error while parsing value - invalid literal; last read: 'no' (unknown:0, unknown)
[2024-06-08 22:53:34] Debug: Sending request:  "need update" (unknown:0, unknown)
[2024-06-08 22:53:34] Info: Recieved response (unknown:0, unknown)
[2024-06-08 22:53:34] Debug: Recieved response with len "10" First 10: "no updates" (unknown:0, unknown)
[2024-06-08 22:53:34] Warning: Error while parsing json: [json.exception.parse_error.101] parse error at line 1, column 2: syntax error while parsing value - invalid literal; last read: 'no' (unknown:0, unknown)
[2024-06-08 22:53:39] Debug: Sending request:  "need update" (unknown:0, unknown)
[2024-06-08 22:53:39] Info: Recieved response (unknown:0, unknown)
[2024-06-08 22:53:39] Debug: Recieved response with len "10" First 10: "no updates" (unknown:0, unknown)
[2024-06-08 22:53:39] Warning: Error while parsing json: [json.exception.parse_error.101] parse error at line 1, column 2: syntax error while parsing value - invalid literal; last read: 'no' (unknown:0, unknown)
[2024-06-08 22:53:44] Debug: Sending request:  "need update" (unknown:0, unknown)
[2024-06-08 22:53:44] Info: Recieved response (unknown:0, unknown)
[2024-06-08 22:53:44] Debug: Recieved response with len "10" First 10: "no updates" (unknown:0, unknown)
[2024-06-08 22:53:44] Warning: Error while parsing json: [json.exception.parse_error.101] parse error at line 1, column 2: syntax error while parsing value - invalid literal; last read: 'no' (unknown:0, unknown)
[2024-06-08 22:53:49] Debug: Sending request:  "need update" (unknown:0, unknown)
[2024-06-08 22:53:49] Info: Recieved response (unknown:0, unknown)
[2024-06-08 22:53:49] Debug: Recieved response with len "10" First 10: "no updates" (unknown:0, unknown)
[2024-06-08 22:53:49] Warning: Error while parsing json: [json.exception.parse_error.101] parse error at line 1, column 2: syntax error while parsing value - invalid literal; last read: 'no' (unknown:0, unknown)
[2024-06-08 22:53:54] Debug: Sending request:  "need update" (unknown:0, unknown)
[2024-06-08 22:53:54] Info: Recieved response (unknown:0, unknown)
[2024-06-08 22:53:54] Debug: Recieved response with len "9124" First 10: "[{\"buy\":{\"" (unknown:0, unknown)
[2024-06-08 22:53:59] Debug: Sending request:  "need update" (unknown:0, unknown)
[2024-06-08 22:53:59] Info: Recieved response (unknown:0, unknown)
[2024-06-08 22:53:59] Debug: Recieved response with len "10" First 10: "no updates" (unknown:0, unknown)
[2024-06-08 22:53:59] Warning: Error while parsing json: [json.exception.parse_error.101] parse error at line 1, column 2: syntax error while parsing value - invalid literal; last read: 'no' (unknown:0, unknown)
[2024-06-08 22:54:04] Debug: Sending request:  "need update" (unknown:0, unknown)
[2024-06-08 22:54:04] Info: Recieved response (unknown:0, unknown)
[2024-06-08 22:54:04] Debug: Recieved response with len "10" First 10: "no updates" (unknown:0, unknown)
[2024-06-08 22:54:04] Warning: Error while parsing json: [json.exception.parse_error.101] parse error at line 1, column 2: syntax error while parsing value - invalid literal; last read: 'no' (unknown:0, unknown)
[2024-06-08 22:54:09] Debug: Sending request:  "need update" (unknown:0, unknown)
[2024-06-08 22:54:09] Info: Recieved response (unknown:0, unknown)
[2024-06-08 22:54:09] Debug: Recieved response with len "10" First 10: "no updates" (unknown:0, unknown)
[2024-06-08 22:54:09] Warning: Error while parsing json: [json.exception.parse_error.101] parse error at line 1, column 2: syntax error while parsing value - invalid literal; last read: 'no' (unknown:0, unknown)
[2024-06-08 22:54:14] Debug: Sending request:  "need update" (unknown:0, unknown)
[2024-06-08 22:54:14] Info: Recieved response (unknown:0, unknown)
[2024-06-08 22:54:14] Debug: Recieved response with len "10" First 10: "no updates" (unknown:0, unknown)
[2024-06-08 22:54:14] Warning: Error while parsing json: [json.exception.parse_error.101] parse error at line 1, column 2: syntax error while parsing value - invalid literal; last read: 'no' (unknown:0, unknown)
[2024-06-08 22:54:19] Debug: Sending request:  "need update" (unknown:0, unknown)
[2024-06-08 22:54:19] Info: Recieved response (unknown:0, unknown)
[2024-06-08 22:54:19] Debug: Recieved response with len "9121" First 10: "[{\"buy\":{\"" (unknown:0, unknown)
[2024-06-08 22:54:24] Debug: Sending request:  "need update" (unknown:0, unknown)
[2024-06-08 22:54:24] Info: Recieved response (unknown:0, unknown)
[2024-06-08 22:54:24] Debug: Recieved response with len "10" First 10: "no updates" (unknown:0, unknown)
[2024-06-08 22:54:24] Warning: Error while parsing json: [json.exception.parse_error.101] parse error at line 1, column 2: syntax error while parsing value - invalid literal; last read: 'no' (unknown:0, unknown)
[2024-06-08 22:54:29] Debug: Sending request:  "need update" (unknown:0, unknown)
[2024-06-08 22:54:29] Info: Recieved response (unknown:0, unknown)
[2024-06-08 22:54:29] Debug: Recieved response with len "10" First 10: "no updates" (unknown:0, unknown)
[2024-06-08 22:54:29] Warning: Error while parsing json: [json.exception.parse_error.101] parse error at line 1, column 2: syntax error while parsing value - invalid literal; last read: 'no' (unknown:0, unknown)
[2024-06-08 22:54:34] Debug: Sending request:  "need update" (unknown:0, unknown)
[2024-06-08 22:54:34] Info: Recieved response (unknown:0, unknown)
[2024-06-08 22:54:34] Debug: Recieved response with len "10" First 10: "no updates" (unknown:0, unknown)
[2024-06-08 22:54:34] Warning: Error while parsing json: [json.exception.parse_error.101] parse error at line 1, column 2: syntax error while parsing value - invalid literal; last read: 'no' (unknown:0, unknown)
[2024-06-08 22:54:39] Debug: Sending request:  "need update" (unknown:0, unknown)
[2024-06-08 22:54:39] Info: Recieved response (unknown:0, unknown)
[2024-06-08 22:54:39] Debug: Recieved response with len "10" First 10: "no updates" (unknown:0, unknown)
[2024-06-08 22:54:39] Warning: Error while parsing json: [json.exception.parse_error.101] parse error at line 1, column 2: syntax error while parsing value - invalid literal; last read: 'no' (unknown:0, unknown)
[2024-06-08 22:54:44] Debug: Sending request:  "need update" (unknown:0, unknown)
[2024-06-08 22:54:44] Info: Recieved response (unknown:0, unknown)
[2024-06-08 22:54:44] Debug: Recieved response with len "10" First 10: "no updates" (unknown:0, unknown)
[2024-06-08 22:54:44] Warning: Error while parsing json: [json.exception.parse_error.101] parse error at line 1, column 2: syntax error while parsing value - invalid literal; last read: 'no' (unknown:0, unknown)
[2024-06-08 22:54:49] Debug: Sending request:  "need update" (unknown:0, unknown)
[2024-06-08 22:54:49] Info: Recieved response (unknown:0, unknown)
[2024-06-08 22:54:49] Debug: Recieved response with len "9121" First 10: "[{\"buy\":{\"" (unknown:0, unknown)
[2024-06-08 22:54:54] Debug: Sending request:  "need update" (unknown:0, unknown)
[2024-06-08 22:54:54] Info: Recieved response (unknown:0, unknown)
[2024-06-08 22:54:54] Debug: Recieved response with len "10" First 10: "no updates" (unknown:0, unknown)
[2024-06-08 22:54:54] Warning: Error while parsing json: [json.exception.parse_error.101] parse error at line 1, column 2: syntax error while parsing value - invalid literal; last read: 'no' (unknown:0, unknown)
[2024-06-08 22:54:59] Debug: Sending request:  "need update" (unknown:0, unknown)
[2024-06-08 22:54:59] Info: Recieved response (unknown:0, unknown)
[2024-06-08 22:54:59] Debug: Recieved response with len "10" First 10: "no updates" (unknown:0, unknown)
[2024-06-08 22:54:59] Warning: Error while parsing json: [json.exception.parse_error.101] parse error at line 1, column 2: syntax error while parsing value - invalid literal; last read: 'no' (unknown:0, unknown)
[2024-06-08 22:55:04] Debug: Sending request:  "need update" (unknown:0, unknown)
[2024-06-08 22:55:04] Info: Recieved response (unknown:0, unknown)
[2024-06-08 22:55:04] Debug: Recieved response with len "10" First 10: "no updates" (unknown:0, unknown)
[2024-06-08 22:55:04] Warning: Error while parsing json: [json.exception.parse_error.101] parse error at line 1, column 2: syntax error while parsing value - invalid literal; last read: 'no' (unknown:0, unknown)
[2024-06-08 22:55:09] Debug: Sending request:  "need update" (unknown:0, unknown)
[2024-06-08 22:55:09] Info: Recieved response (unknown:0, unknown)
[2024-06-08 22:55:09] Debug: Recieved response with len "10" First 10: "no updates" (unknown:0, unknown)
[2024-06-08 22:55:09] Warning: Error while parsing json: [json.exception.parse_error.101] parse error at line 1, column 2: syntax error while parsing value - invalid literal; last read: 'no' (unknown:0, unknown)
[2024-06-08 22:55:14] Debug: Sending request:  "need update" (unknown:0, unknown)
[2024-06-08 22:55:14] Info: Recieved response (unknown:0, unknown)
[2024-06-08 22:55:14] Debug: Recieved response with len "9121" First 10: "[{\"buy\":{\"" (unknown:0, unknown)
[2024-06-08 22:55:19] Debug: Sending request:  "need update" (unknown:0, unknown)
[2024-06-08 22:55:19] Info: Recieved response (unknown:0, unknown)
[2024-06-08 22:55:19] Debug: Recieved response with len "10" First 10: "no updates" (unknown:0, unknown)
[2024-06-08 22:55:19] Warning: Error while parsing json: [json.exception.parse_error.101] parse error at line 1, column 2: syntax error while parsing value - invalid literal; last read: 'no' (unknown:0, unknown)
[2024-06-08 22:55:24] Debug: Sending request:  "need update" (unknown:0, unknown)
[2024-06-08 22:55:24] Info: Recieved response (unknown:0, unknown)
[2024-06-08 22:55:24] Debug: Recieved response with len "10" First 10: "no updates" (unknown:0, unknown)
[2024-06-08 22:55:24] Warning: Error while parsing json: [json.exception.parse_error.101] parse error at line 1, column 2: syntax error while parsing value - invalid literal; last read: 'no' (unknown:0, unknown)
[2024-06-08 22:55:29] Debug: Sending request:  "need update" (unknown:0, unknown)
[2024-06-08 22:55:29] Info: Recieved response (unknown:0, unknown)
[2024-06-08 22:55:29] Debug: Recieved response with len "10" First 10: "no updates" (unknown:0, unknown)
[2024-06-08 22:55:29] Warning: Error while parsing json: [json.exception.parse_error.101] parse error at line 1, column 2: syntax error while parsing value - invalid literal; last read: 'no' (unknown:0, unknown)
[2024-06-08 22:55:34] Debug: Sending request:  "need update" (unknown:0, unknown)
[2024-06-08 22:55:34] Info: Recieved response (unknown:0, unknown)
[2024-06-08 22:55:34] Debug: Recieved response with len "10" First 10: "no updates" (unknown:0, unknown)
[2024-06-08 22:55:34] Warning: Error while parsing json: [json.exception.parse_error.101] parse error at line 1, column 2: syntax error while parsing value - invalid literal; last read: 'no' (unknown:0, unknown)
[2024-06-08 22:55:39] Debug: Sending request:  "need update" (unknown:0, unknown)
[2024-06-08 22:55:39] Info: Recieved response (unknown:0, unknown)
[2024-06-08 22:55:39] Debug: Recieved response with len "10" First 10: "no updates" (unknown:0, unknown)
[2024-06-08 22:55:39] Warning: Error while parsing json: [json.exception.parse_error.101] parse error at line 1, column 2: syntax error while parsing value - invalid literal; last read: 'no' (unknown:0, unknown)
[2024-06-08 22:55:44] Debug: Sending request:  "need update" (unknown:0, unknown)
[2024-06-08 22:55:44] Info: Recieved response (unknown:0, unknown)
[2024-06-08 22:55:44] Debug: Recieved response with len "9119" First 10: "[{\"buy\":{\"" (unknown:0, unknown)
[2024-06-08 22:55:49] Debug: Sending request:  "need update" (unknown:0, unknown)
[2024-06-08 22:55:49] Info: Recieved response (unknown:0, unknown)
[2024-06-08 22:55:49] Debug: Recieved response with len "10" First 10: "no updates" (unknown:0, unknown)
[2024-06-08 22:55:49] Warning: Error while parsing json: [json.exception.parse_error.101] parse error at line 1, column 2: syntax error while parsing value - invalid literal; last read: 'no' (unknown:0, unknown)
[2024-06-08 22:55:54] Debug: Sending request:  "need update" (unknown:0, unknown)
[2024-06-08 22:55:54] Info: Recieved response (unknown:0, unknown)
[2024-06-08 22:55:54] Debug: Recieved response with len "10" First 10: "no updates" (unknown:0, unknown)
[2024-06-08 22:55:54] Warning: Error while parsing json: [json.exception.parse_error.101] parse error at line 1, column 2: syntax error while parsing value - invalid literal; last read: 'no' (unknown:0, unknown)
[2024-06-08 22:55:58] Warning: Error while recieving response: "End of file" (unknown:0, unknown)
[2024-06-08 22:55:59] Debug: Sending request:  "need update" (unknown:0, unknown)
[2024-06-08 22:56:04] Debug: Sending request:  "need update" (unknown:0, unknown)
[2024-06-08 22:56:04] Warning: Error while sending request: "Broken pipe" (unknown:0, unknown)
[2024-06-08 22:56:09] Debug: Sending request:  "need update" (unknown:0, unknown)
[2024-06-08 22:56:09] Warning: Error while sending request: "Broken pipe" (unknown:0, unknown)
[2024-06-08 22:56:14] Debug: Sending request:  "need update" (unknown:0, unknown)
[2024-06-08 22:56:14] Warning: Error while sending request: "Broken pipe" (unknown:0, unknown)
[2024-06-08 22:56:19] Debug: Sending request:  "need update" (unknown:0, unknown)
[2024-06-08 22:56:19] Warning: Error while sending request: "Broken pipe" (unknown:0, unknown)
[2024-06-08 22:56:24] Debug: Sending request:  "need update" (unknown:0, unknown)
[2024-06-08 22:56:24] Warning: Error while sending request: "Broken pipe" (unknown:0, unknown)
[2024-06-08 22:56:29] Debug: Sending request:  "need update" (unknown:0, unknown)
[2024-06-08 22:56:29] Warning: Error while sending request: "Broken pipe" (unknown:0, unknown)
[2024-06-08 22:56:34] Debug: Sending request:  "need update" (unknown:0, unknown)
[2024-06-08 22:56:34] Warning: Error while sending request: "Broken pipe" (unknown:0, unknown)
[2024-06-08 22:56:39] Debug: Sending request:  "need update" (unknown:0, unknown)
[2024-06-08 22:56:39] Warning: Error while sending request: "Broken pipe" (unknown:0, unknown)
[2024-06-08 22:56:44] Debug: Sending request:  "need update" (unknown:0, unknown)
[2024-06-08 22:56:44] Warning: Error while sending request: "Broken pipe" (unknown:0, unknown)
[2024-06-08 22:56:49] Debug: Sending request:  "need update" (unknown:0, unknown)
[2024-06-08 22:56:49] Warning: Error while sending request: "Broken pipe" (unknown:0, unknown)
[2024-06-08 22:56:54] Debug: Sending request:  "need update" (unknown:0, unknown)
[2024-06-08 22:56:54] Warning: Error while sending request: "Broken pipe" (unknown:0, unknown)
[2024-06-08 22:56:59] Debug: Sending request:  "need update" (unknown:0, unknown)
[2024-06-08 22:56:59] Warning: Error while sending request: "Broken pipe" (unknown:0, unknown)
[2024-06-08 22:57:04] Debug: Sending request:  "need update" (unknown:0, unknown)
[2024-06-08 22:57:04] Warning: Error while sending request: "Broken pipe" (unknown:0, unknown)
[2024-06-08 22:57:09] Debug: Sending request:  "need update" (unknown:0, unknown)
[2024-06-08 22:57:09] Warning: Error while sending request: "Broken pipe" (unknown:0, unknown)
[2024-06-08 22:57:14] Debug: Sending request:  "need update" (unknown:0, unknown)
[2024-06-08 22:57:14] Warning: Error while sending request: "Broken pipe" (unknown:0, unknown)
[2024-06-08 22:57:19] Debug: Sending request:  "need update" (unknown:0, unknown)
[2024-06-08 22:57:19] Warning: Error while sending request: "Broken pipe" (unknown:0, unknown)
[2024-06-08 22:57:24] Debug: Sending request:  "need update" (unknown:0, unknown)
[2024-06-08 22:57:24] Warning: Error while sending request: "Broken pipe" (unknown:0, unknown)
[2024-06-08 22:57:29] Debug: Sending request:  "need update" (unknown:0, unknown)
[2024-06-08 22:57:29] Warning: Error while sending request: "Broken pipe" (unknown:0, unknown)
[2024-06-08 22:57:34] Debug: Sending request:  "need update" (unknown:0, unknown)
[2024-06-08 22:57:34] Warning: Error while sending request: "Broken pipe" (unknown:0, unknown)
[2024-06-08 22:57:39] Debug: Sending request:  "need update" (unknown:0, unknown)
[2024-06-08 22:57:39] Warning: Error while sending request: "Broken pipe" (unknown:0, unknown)
[2024-06-08 22:57:44] Debug: Sending request:  "need update" (unknown:0, unknown)
[2024-06-08 22:57:44] Warning: Error while sending request: "Broken pipe" (unknown:0, unknown)
[2024-06-08 22:57:49] Debug: Sending request:  "need update" (unknown:0, unknown)
[2024-06-08 22:57:49] Warning: Error while sending request: "Broken pipe" (unknown:0, unknown)
[2024-06-08 22:57:54] Debug: Sending request:  "need update" (unknown:0, unknown)
[2024-06-08 22:57:54] Warning: Error while sending request: "Broken pipe" (unknown:0, unknown)
[2024-06-08 22:57:59] Debug: Sending request:  "need update" (unknown:0, unknown)
[2024-06-08 22:57:59] Warning: Error while sending request: "Broken pipe" (unknown:0, unknown)
[2024-06-08 22:58:04] Debug: Sending request:  "need update" (unknown:0, unknown)
[2024-06-08 22:58:04] Warning: Error while sending request: "Broken pipe" (unknown:0, unknown)
[2024-06-08 22:58:09] Debug: Sending request:  "need update" (unknown:0, unknown)
[2024-06-08 22:58:09] Warning: Error while sending request: "Broken pipe" (unknown:0, unknown)
[2024-06-08 22:58:14] Debug: Sending request:  "need update" (unknown:0, unknown)
[2024-06-08 22:58:14] Warning: Error while sending request: "Broken pipe" (unknown:0, unknown)
[2024-06-08 22:58:19] Debug: Sending request:  "need update" (unknown:0, unknown)
[2024-06-08 22:58:19] Warning: Error while sending request: "Broken pipe" (unknown:0, unknown)
[2024-06-08 22:58:24] Debug: Sending request:  "need update" (unknown:0, unknown)
[2024-06-08 22:58:24] Warning: Error while sending request: "Broken pipe" (unknown:0, unknown)
[2024-06-08 22:58:29] Debug: Sending request:  "need update" (unknown:0, unknown)
[2024-06-08 22:58:29] Warning: Error while sending request: "Broken pipe" (unknown:0, unknown)
[2024-06-08 22:58:34] Debug: Sending request:  "need update" (unknown:0, unknown)
[2024-06-08 22:58:34] Warning: Error while sending request: "Broken pipe" (unknown:0, unknown)
[2024-06-08 22:58:39] Debug: Sending request:  "need update" (unknown:0, unknown)
[2024-06-08 22:58:39] Warning: Error while sending request: "Broken pipe" (unknown:0, unknown)
[2024-06-08 22:58:44] Debug: Sending request:  "need update" (unknown:0, unknown)
[2024-06-08 22:58:44] Warning: Error while sending request: "Broken pipe" (unknown:0, unknown)
[2024-06-08 22:58:49] Debug: Sending request:  "need update" (unknown:0, unknown)
[2024-06-08 22:58:49] Warning: Error while sending request: "Broken pipe" (unknown:0, unknown)
[2024-06-08 22:58:54] Debug: Sending request:  "need update" (unknown:0, unknown)
[2024-06-08 22:58:54] Warning: Error while sending request: "Broken pipe" (unknown:0, unknown)
[2024-06-08 22:58:59] Debug: Sending request:  "need update" (unknown:0, unknown)
[2024-06-08 22:58:59] Warning: Error while sending request: "Broken pipe" (unknown:0, unknown)
[2024-06-08 22:59:04] Debug: Sending request:  "need update" (unknown:0, unknown)
[2024-06-08 22:59:04] Warning: Error while sending request: "Broken pipe" (unknown:0, unknown)
[2024-06-08 22:59:09] Debug: Sending request:  "need update" (unknown:0, unknown)
[2024-06-08 22:59:09] Warning: Error while sending request: "Broken pipe" (unknown:0, unknown)
[2024-06-08 22:59:14] Debug: Sending request:  "need update" (unknown:0, unknown)
[2024-06-08 22:59:14] Warning: Error while sending request: "Broken pipe" (unknown:0, unknown)
[2024-06-08 22:59:19] Debug: Sending request:  "need update" (unknown:0, unknown)
[2024-06-08 22:59:19] Warning: Error while sending request: "Broken pipe" (unknown:0, unknown)
[2024-06-08 22:59:24] Debug: Sending request:  "need update" (unknown:0, unknown)
[2024-06-08 22:59:24] Warning: Error while sending request: "Broken pipe" (unknown:0, unknown)
[2024-06-08 22:59:29] Debug: Sending request:  "need update" (unknown:0, unknown)
[2024-06-08 22:59:29] Warning: Error while sending request: "Broken pipe" (unknown:0, unknown)
[2024-06-08 22:59:34] Debug: Sending request:  "need update" (unknown:0, unknown)
[2024-06-08 22:59:34] Warning: Error while sending request: "Broken pipe" (unknown:0, unknown)
[2024-06-08 22:59:39] Debug: Sending request:  "need update" (unknown:0, unknown)
[2024-06-08 22:59:39] Warning: Error while sending request: "Broken pipe" (unknown:0, unknown)
[2024-06-08 22:59:44] Debug: Sending request:  "need update" (unknown:0, unknown)
[2024-06-08 22:59:44] Warning: Error while sending request: "Broken pipe" (unknown:0, unknown)
[2024-06-08 22:59:49] Debug: Sending request:  "need update" (unknown:0, unknown)
[2024-06-08 22:59:49] Warning: Error while sending request: "Broken pipe" (unknown:0, unknown)
